<?xml version="1.0" encoding="UTF-8"?>
<!-- Generated by org.testng.reporters.JUnitReportReporter -->
<testsuite hostname="DESKTOP-FF2F2R1" failures="0" tests="2" name="com.allcloud.Test1" time="165.236" errors="0" timestamp="2023-08-22T13:21:49 IST" skipped="0">
  <testcase classname="com.allcloud.Test1" name="RememberMe" time="6.979"/>
  <testcase classname="com.allcloud.Test1" name="ClickOnCreateClient" time="158.257"/>
</testsuite> <!-- com.allcloud.Test1 -->
