<?xml version="1.0" encoding="UTF-8"?>
<!-- Generated by org.testng.reporters.JUnitReportReporter -->
<testsuite hostname="DESKTOP-FF2F2R1" failures="0" tests="2" name="com.allcloud.GroupcCreation" time="10.890" errors="0" timestamp="2023-08-23T13:28:34 IST" skipped="0">
  <testcase classname="com.allcloud.GroupcCreation" name="RememberMe" time="7.189"/>
  <testcase classname="com.allcloud.GroupcCreation" name="SearchGroup" time="3.701"/>
</testsuite> <!-- com.allcloud.GroupcCreation -->
